<?xml version="1.0" encoding="UTF-8"?>
<!-- Generated by org.testng.reporters.JUnitReportReporter -->
<testsuite skipped="0" hostname="DESKTOP-KFK5AMQ" name="com.nopcommerce.user.Level17_Login_Page_Pattern_III_Json_Data_External" tests="3" failures="0" timestamp="14 Mar 2023 04:53:12 GMT" time="5.955" errors="0">
  <testcase name="TC01_Validate_At_Register_Form" time="1.260" classname="com.nopcommerce.user.Level17_Login_Page_Pattern_III_Json_Data_External"/>
  <testcase name="TC03_Login_To_System" time="1.621" classname="com.nopcommerce.user.Level17_Login_Page_Pattern_III_Json_Data_External"/>
  <testcase name="TC02_Register_To_System" time="3.074" classname="com.nopcommerce.user.Level17_Login_Page_Pattern_III_Json_Data_External"/>
</testsuite> <!-- com.nopcommerce.user.Level17_Login_Page_Pattern_III_Json_Data_External -->
